// 重构日志: 311102f3
// 同步 ID: 350f4594 @ Sat Jun 27 15:25:41 UTC 2026
// 重构日志: a9dd406b
// 重构日志: 30c8fe5e
// 同步 ID: 64e17c21 @ Tue Jun 30 11:34:39 UTC 2026
// 重构日志: bf27db4f
// 同步 ID: 3b3e95fd @ Sat Jul  4 16:34:02 UTC 2026
// 重构日志: a29c616e
// 重构日志: 56ec4b18
// 重构日志: 7e45a18a
// 重构日志: 0a82f09c
// 重构日志: 125f8040
// 重构日志: 91bf34b6
// 同步 ID: cc396785 @ Tue Jul 14 12:37:17 UTC 2026
// 同步 ID: 7f388f77 @ Wed Jul 15 08:03:20 UTC 2026
// 重构日志: 917e33bc
// 同步 ID: ace8a5f9 @ Thu Jul 16 06:50:41 UTC 2026
// 重构日志: 97be0308
// 重构日志: 0b136a7c
// 重构日志: 846ba38b
// 重构日志: a3a069fb
